#
# There is insufficient memory for the Java Runtime Environment to continue.
# Native memory allocation (mmap) failed to map 264241152 bytes for Failed to commit area from 0x0000000704c00000 to 0x0000000714800000 of length 264241152.
# Possible reasons:
#   The system is out of physical RAM or swap space
#   The process is running with CompressedOops enabled, and the Java Heap may be blocking the growth of the native heap
# Possible solutions:
#   Reduce memory load on the system
#   Increase physical memory or swap space
#   Check if swap backing store is full
#   Decrease Java heap size (-Xmx/-Xms)
#   Decrease number of Java threads
#   Decrease Java thread stack sizes (-Xss)
#   Set larger code cache with -XX:ReservedCodeCacheSize=
# This output file may be truncated or incomplete.
#
#  Out of Memory Error (./open/src/hotspot/os/windows/os_windows.cpp:3293), pid=2424, tid=17564
#
# JRE version:  (11.0.20+9) (build )
# Java VM: Java HotSpot(TM) 64-Bit Server VM (11.0.20+9-LTS-256, mixed mode, sharing, tiered, compressed oops, g1 gc, windows-amd64)
# No core dump will be written. Minidumps are not enabled by default on client versions of Windows
#

---------------  S U M M A R Y ------------

Command Line: -javaagent:C:\Program Files\JetBrains\IntelliJ IDEA Community Edition 2023.2.2\lib\idea_rt.jar=50528:C:\Program Files\JetBrains\IntelliJ IDEA Community Edition 2023.2.2\bin -Dfile.encoding=UTF-8 day01_Intro_To_Programming.Hello_Cydeo

Host: 12th Gen Intel(R) Core(TM) i9-12900H, 20 cores, 15G,  Windows 11 , 64 bit Build 22621 (10.0.22621.2506)
Time: Thu Jan  4 16:43:44 2024 Pacific Standard Time elapsed time: 0.017015 seconds (0d 0h 0m 0s)

---------------  T H R E A D  ---------------

Current thread (0x0000020bd78e5000):  JavaThread "Unknown thread" [_thread_in_vm, id=17564, stack(0x0000007d28700000,0x0000007d28800000)]

Stack: [0x0000007d28700000,0x0000007d28800000]
Native frames: (J=compiled Java code, j=interpreted, Vv=VM code, C=native code)
V  [jvm.dll+0x6602ba]
V  [jvm.dll+0x7a32af]
V  [jvm.dll+0x7a4979]
V  [jvm.dll+0x7a5013]
V  [jvm.dll+0x258ef5]
V  [jvm.dll+0x65d619]
V  [jvm.dll+0x652375]
V  [jvm.dll+0x31359d]
V  [jvm.dll+0x313402]
V  [jvm.dll+0x318036]
V  [jvm.dll+0x360130]
V  [jvm.dll+0x35fba2]
V  [jvm.dll+0x2eec28]
V  [jvm.dll+0x2efd35]
V  [jvm.dll+0x77c327]
V  [jvm.dll+0x77dc0f]
V  [jvm.dll+0x36d3d9]
V  [jvm.dll+0x760d0f]
V  [jvm.dll+0x3df467]
V  [jvm.dll+0x3e1511]
C  [jli.dll+0x52e7]
C  [ucrtbase.dll+0x29363]
C  [KERNEL32.DLL+0x1257d]
C  [ntdll.dll+0x5aa58]


---------------  P R O C E S S  ---------------

Threads class SMR info:
_java_thread_list=0x0000020bd55e5e10, length=0, elements={
}

Java Threads: ( => current thread )

Other Threads:
  0x0000020bd78fc800 GCTaskThread "GC Thread#0" [stack: 0x0000007d28800000,0x0000007d28900000] [id=2988]
  0x0000020bd7952800 ConcurrentGCThread "G1 Main Marker" [stack: 0x0000007d28900000,0x0000007d28a00000] [id=20296]
  0x0000020bd7955000 ConcurrentGCThread "G1 Conc#0" [stack: 0x0000007d28a00000,0x0000007d28b00000] [id=20492]

[error occurred during error reporting (printing all threads), id 0xc0000005, EXCEPTION_ACCESS_VIOLATION (0xc0000005) at pc=0x00007ffcd0cff6e7]

VM state:not at safepoint (not fully initialized)

VM Mutex/Monitor currently owned by a thread:  ([mutex/lock_event])
[0x0000020bd78e0960] Heap_lock - owner thread: 0x0000020bd78e5000

Heap address: 0x0000000704c00000, size: 4020 MB, Compressed Oops mode: Non-zero based: 0x0000000704c00000
Narrow klass base: 0x0000000000000000, Narrow klass shift: 0

GC Heap History (0 events):
No events

Deoptimization events (0 events):
No events

Classes redefined (0 events):
No events

Internal exceptions (0 events):
No events

Events (0 events):
No events


Dynamic libraries:
0x00007ff6a7c10000 - 0x00007ff6a7c20000 	C:\Program Files\Java\jdk-11\bin\java.exe
0x00007ffd46a30000 - 0x00007ffd46c47000 	C:\WINDOWS\SYSTEM32\ntdll.dll
0x00007ffd456a0000 - 0x00007ffd45764000 	C:\WINDOWS\System32\KERNEL32.DLL
0x00007ffd43e10000 - 0x00007ffd441b6000 	C:\WINDOWS\System32\KERNELBASE.dll
0x0000000067ef0000 - 0x0000000068222000 	C:\Program Files\Norton Security\NortonData\22.23.6.5\Definitions\IPSDefs\20240103.064\IPSEng64.dll
0x00007ffd45f30000 - 0x00007ffd45fe1000 	C:\WINDOWS\System32\ADVAPI32.dll
0x00007ffd46890000 - 0x00007ffd46937000 	C:\WINDOWS\System32\msvcrt.dll
0x00007ffd46940000 - 0x00007ffd469e5000 	C:\WINDOWS\System32\sechost.dll
0x00007ffd44830000 - 0x00007ffd44947000 	C:\WINDOWS\System32\RPCRT4.dll
0x00007ffd45d20000 - 0x00007ffd45d28000 	C:\WINDOWS\System32\PSAPI.DLL
0x00007ffd444c0000 - 0x00007ffd445d1000 	C:\WINDOWS\System32\ucrtbase.dll
0x00007ffd39370000 - 0x00007ffd39389000 	C:\Program Files\Java\jdk-11\bin\jli.dll
0x00007ffd3a910000 - 0x00007ffd3a92b000 	C:\Program Files\Java\jdk-11\bin\VCRUNTIME140.dll
0x00007ffd44a00000 - 0x00007ffd44bae000 	C:\WINDOWS\System32\USER32.dll
0x00007ffd44490000 - 0x00007ffd444b6000 	C:\WINDOWS\System32\win32u.dll
0x00007ffd44950000 - 0x00007ffd44979000 	C:\WINDOWS\System32\GDI32.dll
0x00007ffd22f80000 - 0x00007ffd23213000 	C:\WINDOWS\WinSxS\amd64_microsoft.windows.common-controls_6595b64144ccf1df_6.0.22621.2506_none_270c5ae97388e100\COMCTL32.dll
0x00007ffd445e0000 - 0x00007ffd446f8000 	C:\WINDOWS\System32\gdi32full.dll
0x00007ffd441c0000 - 0x00007ffd4425a000 	C:\WINDOWS\System32\msvcp_win.dll
0x00007ffd39330000 - 0x00007ffd3933a000 	C:\WINDOWS\SYSTEM32\VERSION.dll
0x00007ffd46850000 - 0x00007ffd46881000 	C:\WINDOWS\System32\IMM32.DLL
0x00007ffd360b0000 - 0x00007ffd360bc000 	C:\Program Files\Java\jdk-11\bin\vcruntime140_1.dll
0x00007ffd23e20000 - 0x00007ffd23eae000 	C:\Program Files\Java\jdk-11\bin\msvcp140.dll
0x00007ffcd0a00000 - 0x00007ffcd156d000 	C:\Program Files\Java\jdk-11\bin\server\jvm.dll
0x00007ffd40310000 - 0x00007ffd40319000 	C:\WINDOWS\SYSTEM32\WSOCK32.dll
0x00007ffd45ba0000 - 0x00007ffd45c11000 	C:\WINDOWS\System32\WS2_32.dll
0x00007ffd3b7c0000 - 0x00007ffd3b7f4000 	C:\WINDOWS\SYSTEM32\WINMM.dll
0x00007ffd42e60000 - 0x00007ffd42e78000 	C:\WINDOWS\SYSTEM32\kernel.appcore.dll
0x00007ffd34eb0000 - 0x00007ffd34ec0000 	C:\Program Files\Java\jdk-11\bin\verify.dll
0x00007ffd41760000 - 0x00007ffd41993000 	C:\WINDOWS\SYSTEM32\DBGHELP.DLL
0x00007ffd45800000 - 0x00007ffd45b89000 	C:\WINDOWS\System32\combase.dll
0x00007ffd455c0000 - 0x00007ffd45697000 	C:\WINDOWS\System32\OLEAUT32.dll
0x00007ffd35c40000 - 0x00007ffd35c72000 	C:\WINDOWS\SYSTEM32\dbgcore.DLL
0x00007ffd44700000 - 0x00007ffd4477a000 	C:\WINDOWS\System32\bcryptPrimitives.dll
0x00007ffd336b0000 - 0x00007ffd336d8000 	C:\Program Files\Java\jdk-11\bin\java.dll
0x00007ffd34ea0000 - 0x00007ffd34eaa000 	C:\Program Files\Java\jdk-11\bin\jimage.dll
0x00007ffd33910000 - 0x00007ffd3391e000 	C:\Program Files\Java\jdk-11\bin\instrument.dll
0x00007ffd2d180000 - 0x00007ffd2d197000 	C:\Program Files\Java\jdk-11\bin\zip.dll

dbghelp: loaded successfully - version: 4.0.5 - missing functions: none
symbol engine: initialized successfully - sym options: 0x614 - pdb path: .;C:\Program Files\Java\jdk-11\bin;C:\WINDOWS\SYSTEM32;C:\Program Files\Norton Security\NortonData\22.23.6.5\Definitions\IPSDefs\20240103.064;C:\WINDOWS\WinSxS\amd64_microsoft.windows.common-controls_6595b64144ccf1df_6.0.22621.2506_none_270c5ae97388e100;C:\Program Files\Java\jdk-11\bin\server

VM Arguments:
jvm_args: -javaagent:C:\Program Files\JetBrains\IntelliJ IDEA Community Edition 2023.2.2\lib\idea_rt.jar=50528:C:\Program Files\JetBrains\IntelliJ IDEA Community Edition 2023.2.2\bin -Dfile.encoding=UTF-8 
java_command: day01_Intro_To_Programming.Hello_Cydeo
java_class_path (initial): C:\Users\Home\IdeaProjects\Java_Programming\out\production\Java_Programming
Launcher Type: SUN_STANDARD

[Global flags]
     intx CICompilerCount                          = 12                                        {product} {ergonomic}
     uint ConcGCThreads                            = 4                                         {product} {ergonomic}
     uint G1ConcRefinementThreads                  = 15                                        {product} {ergonomic}
   size_t G1HeapRegionSize                         = 1048576                                   {product} {ergonomic}
    uintx GCDrainStackTargetSize                   = 64                                        {product} {ergonomic}
   size_t InitialHeapSize                          = 264241152                                 {product} {ergonomic}
   size_t MarkStackSize                            = 4194304                                   {product} {ergonomic}
   size_t MaxHeapSize                              = 4215275520                                {product} {ergonomic}
   size_t MinHeapDeltaBytes                        = 1048576                                   {product} {ergonomic}
    uintx NonNMethodCodeHeapSize                   = 7594288                                {pd product} {ergonomic}
    uintx NonProfiledCodeHeapSize                  = 122031976                              {pd product} {ergonomic}
    uintx ProfiledCodeHeapSize                     = 122031976                              {pd product} {ergonomic}
    uintx ReservedCodeCacheSize                    = 251658240                              {pd product} {ergonomic}
     bool SegmentedCodeCache                       = true                                      {product} {ergonomic}
     bool UseCompressedClassPointers               = true                                 {lp64_product} {ergonomic}
     bool UseCompressedOops                        = true                                 {lp64_product} {ergonomic}
     bool UseG1GC                                  = true                                      {product} {ergonomic}
     bool UseLargePagesIndividualAllocation        = false                                  {pd product} {ergonomic}

Logging:
Log output configuration:
 #0: stdout all=warning uptime,level,tags
 #1: stderr all=off uptime,level,tags

Environment Variables:
JAVA_HOME=C:\Program Files\Java\jdk-11
PATH=C:\Program Files\Common Files\Oracle\Java\javapath;C:\Windows\system32;C:\Windows;C:\Windows\System32\Wbem;C:\Windows\System32\WindowsPowerShell\v1.0\;C:\Windows\System32\OpenSSH\;C:\Program Files (x86)\NVIDIA Corporation\PhysX\Common;C:\Program Files\NVIDIA Corporation\NVIDIA NvDLISR;C:\WINDOWS\system32;C:\WINDOWS;C:\WINDOWS\System32\Wbem;C:\WINDOWS\System32\WindowsPowerShell\v1.0\;C:\WINDOWS\System32\OpenSSH\;C:\Program Files\Git\cmd;C:\Program Files\dotnet\;C:\Program Files\Java\jdk-11.0.20\bin;C:\Users\Home\AppData\Local\Microsoft\WindowsApps;
USERNAME=Home
OS=Windows_NT
PROCESSOR_IDENTIFIER=Intel64 Family 6 Model 154 Stepping 3, GenuineIntel



---------------  S Y S T E M  ---------------

OS: Windows 11 , 64 bit Build 22621 (10.0.22621.2506)
Hyper-V role detected

CPU:total 20 (initial active 20) (10 cores per cpu, 2 threads per core) family 6 model 154 stepping 3 microcode 0x419, cmov, cx8, fxsr, mmx, sse, sse2, sse3, ssse3, sse4.1, sse4.2, popcnt, avx, avx2, aes, clmul, erms, 3dnowpref, lzcnt, ht, tsc, tscinvbit, bmi1, bmi2, adx, sha, fma

Memory: 4k page, system-wide physical 16076M (4168M free)
TotalPageFile size 65228M (AvailPageFile size 110M)
current process WorkingSet (physical memory assigned to process): 12M, peak: 12M
current process commit charge ("private bytes"): 76M, peak: 328M

vm_info: Java HotSpot(TM) 64-Bit Server VM (11.0.20+9-LTS-256) for windows-amd64 JRE (11.0.20+9-LTS-256), built on Jun 14 2023 10:34:22 by "mach5one" with MS VC++ 17.1 (VS2022)

END.
